{"message":"name is required","level":"error"}
{"message":"Folder with 11 was created","level":"info"}
{"message":"Folder with 14 was created","level":"info"}
{"message":"name is required","level":"error"}
{"message":"Folder with 15 was created","level":"info"}
{"message":"Cannot set headers after they are sent to the client","level":"error"}
{"message":"Folder with 17 was created","level":"info"}
{"message":"Cannot set headers after they are sent to the client","level":"error"}
{"message":"name is required","level":"error"}
{"message":"Cannot set headers after they are sent to the client","level":"error"}
{"message":"Folder with 19 was created.","level":"info"}
{"message":"Cannot set headers after they are sent to the client","level":"error"}
{"message":"Folder with 20 was created.","level":"info"}
{"message":"Cannot set headers after they are sent to the client","level":"error"}
{"message":"Folder with 21 was created.","level":"info"}
{"message":"Cannot set headers after they are sent to the client","level":"error"}
{"message":"Folder with 22 was created.","level":"info"}
{"message":"Cannot set headers after they are sent to the client","level":"error"}
{"message":"Folder with 23 was created.","level":"info"}
{"message":"Cannot set headers after they are sent to the client","level":"error"}
{"message":"Folder with 24 was created.","level":"info"}
{"message":"Cannot set headers after they are sent to the client","level":"error"}
{"message":"Invalid name 'f' supplied","level":"error"}
{"message":"Folder with 25 was created.","level":"info"}
{"message":"Cannot set headers after they are sent to the client","level":"error"}
{"message":"Invalid name 'fffffffffffffffff' supplied","level":"error"}
{"message":"Invalid name 'ffffffffffffffff' supplied","level":"error"}
{"message":"Invalid name 'ffffffffffffffff' supplied","level":"error"}
{"message":"Invalid name 'ffffffffffffffff' supplied","level":"error"}
{"message":"Folder with 26 was created.","level":"info"}
{"message":"Cannot set headers after they are sent to the client","level":"error"}
{"message":"Invalid name '' supplied","level":"error"}
{"message":"name is required","level":"error"}
{"message":"Invalid name ' ' supplied","level":"error"}
{"message":"Folder with id 18 not found.","level":"error"}
{"message":"Folder with id17 deleted.","level":"info"}
{"message":"Folder with id 14 deleted.","level":"info"}
{"message":"Folder with id 26 deleted.","level":"info"}
{"message":"Folder with id 26 not found.","level":"error"}
{"message":"Invalid name 'e' supplied","level":"error"}
{"message":"Folder with 27 was created.","level":"info"}
{"message":"Cannot set headers after they are sent to the client","level":"error"}
{"message":"Bookmark with id 8 updated.","level":"info"}
{"message":"Folder with id 1 updated.","level":"info"}
{"message":"Folder with id 1 updated.","level":"info"}
{"message":"Folder with id 1 updated.","level":"info"}
{"message":"Invalid name '2' supplied","level":"error"}
{"message":"Invalid name '2' supplied","level":"error"}
{"message":"Folder with id 1 updated.","level":"info"}
{"message":"Folder with 34 was created.","level":"info"}
{"message":"Cannot set headers after they are sent to the client","level":"error"}
{"message":"Folder with 35 was created.","level":"info"}
{"message":"Cannot set headers after they are sent to the client","level":"error"}
{"message":"folder_id is required","level":"error"}
{"message":"Folder with 28 was created.","level":"info"}
{"message":"Cannot set headers after they are sent to the client","level":"error"}
{"message":"Folder with 36 was created.","level":"info"}
{"message":"Cannot set headers after they are sent to the client","level":"error"}
{"message":"Folder with 37 was created.","level":"info"}
{"message":"Cannot set headers after they are sent to the client","level":"error"}
{"message":"Folder with 38 was created.","level":"info"}
{"message":"Cannot set headers after they are sent to the client","level":"error"}
{"message":"Folder with 39 was created.","level":"info"}
{"message":"Cannot set headers after they are sent to the client","level":"error"}
{"message":"Folder with 40 was created.","level":"info"}
{"message":"Cannot set headers after they are sent to the client","level":"error"}
{"message":"Folder with id 41 was created.","level":"info"}
{"message":"Cannot set headers after they are sent to the client","level":"error"}
{"message":"Folder with id 42 was created.","level":"info"}
{"message":"Cannot set headers after they are sent to the client","level":"error"}
{"message":"Folder with id 43 was created.","level":"info"}
{"message":"Cannot set headers after they are sent to the client","level":"error"}
{"message":"select * from \"notes\" - relation \"notes\" does not exist","level":"error"}
{"message":"insert into \"notes\" (\"content\", \"folder_id\", \"name\") values ($1, $2, $3) returning * - duplicate key value violates unique constraint \"notes_pkey\"","level":"error"}
{"message":"insert into \"notes\" (\"content\", \"folder_id\", \"name\") values ($1, $2, $3) returning * - duplicate key value violates unique constraint \"notes_pkey\"","level":"error"}
{"message":"content is required","level":"error"}
{"message":"content is required","level":"error"}
{"message":"insert into \"notes\" (\"content\", \"folder_id\", \"name\") values ($1, $2, $3) returning * - duplicate key value violates unique constraint \"notes_pkey\"","level":"error"}
{"message":"insert into \"notes\" (\"content\", \"folder_id\", \"name\") values ($1, $2, $3) returning * - duplicate key value violates unique constraint \"notes_pkey\"","level":"error"}
{"message":"insert into \"notes\" (\"content\", \"folder_id\", \"name\") values (DEFAULT, $1, $2) returning * - null value in column \"content\" violates not-null constraint","level":"error"}
{"message":"insert into \"notes\" (\"content\", \"folder_id\", \"name\") values (DEFAULT, $1, $2) returning * - null value in column \"content\" violates not-null constraint","level":"error"}
{"message":"insert into \"notes\" (\"content\", \"folder_id\", \"name\") values (DEFAULT, $1, $2) returning * - null value in column \"content\" violates not-null constraint","level":"error"}
{"message":"insert into \"notes\" (\"content\", \"folder_id\", \"name\") values (DEFAULT, $1, $2) returning * - null value in column \"content\" violates not-null constraint","level":"error"}
{"message":"insert into \"notes\" (\"content\", \"folder_id\", \"name\") values (DEFAULT, $1, $2) returning * - null value in column \"content\" violates not-null constraint","level":"error"}
{"message":"insert into \"notes\" (\"content\", \"folder_id\", \"name\") values (DEFAULT, $1, $2) returning * - null value in column \"content\" violates not-null constraint","level":"error"}
{"message":"insert into \"notes\" (\"content\", \"folder_id\", \"name\") values (DEFAULT, $1, $2) returning * - null value in column \"content\" violates not-null constraint","level":"error"}
{"message":"insert into \"notes\" (\"content\", \"folder_id\", \"name\") values (DEFAULT, $1, $2) returning * - null value in column \"content\" violates not-null constraint","level":"error"}
{"message":"insert into \"notes\" (\"content\", \"folder_id\", \"name\") values (DEFAULT, $1, $2) returning * - null value in column \"content\" violates not-null constraint","level":"error"}
{"message":"insert into \"notes\" (\"content\", \"folder_id\", \"name\") values (DEFAULT, $1, $2) returning * - null value in column \"content\" violates not-null constraint","level":"error"}
{"message":"insert into \"notes\" (\"content\", \"folder_id\", \"name\") values (DEFAULT, $1, $2) returning * - null value in column \"content\" violates not-null constraint","level":"error"}
{"message":"insert into \"notes\" (\"content\", \"folder_id\", \"name\") values (DEFAULT, $1, $2) returning * - null value in column \"content\" violates not-null constraint","level":"error"}
{"message":"insert into \"notes\" (\"content\", \"folder_id\", \"name\") values (DEFAULT, $1, $2) returning * - null value in column \"content\" violates not-null constraint","level":"error"}
{"message":"insert into \"notes\" (\"content\", \"folder_id\", \"name\") values (DEFAULT, $1, $2) returning * - null value in column \"content\" violates not-null constraint","level":"error"}
{"message":"insert into \"notes\" (\"content\", \"folder_id\", \"name\") values (DEFAULT, $1, $2) returning * - null value in column \"content\" violates not-null constraint","level":"error"}
{"message":"insert into \"notes\" (\"content\", \"folder_id\", \"name\") values (DEFAULT, $1, $2) returning * - null value in column \"content\" violates not-null constraint","level":"error"}
{"message":"insert into \"notes\" (\"content\", \"folder_id\", \"name\") values (DEFAULT, $1, $2) returning * - null value in column \"content\" violates not-null constraint","level":"error"}
{"message":"insert into \"notes\" (\"content\", \"folder_id\", \"name\") values (DEFAULT, $1, $2) returning * - null value in column \"content\" violates not-null constraint","level":"error"}
{"message":"insert into \"notes\" (\"content\", \"folder_id\", \"name\") values (DEFAULT, $1, $2) returning * - null value in column \"content\" violates not-null constraint","level":"error"}
{"message":"insert into \"notes\" (\"content\", \"folder_id\", \"name\") values (DEFAULT, $1, $2) returning * - null value in column \"content\" violates not-null constraint","level":"error"}
{"message":"insert into \"notes\" (\"content\", \"folder_id\", \"name\") values (DEFAULT, $1, $2) returning * - null value in column \"content\" violates not-null constraint","level":"error"}
{"message":"Note with id 26 was created.","level":"info"}
{"message":"Cannot set headers after they are sent to the client","level":"error"}
{"message":"Note with id 27 was created.","level":"info"}
{"message":"Cannot set headers after they are sent to the client","level":"error"}
{"message":"Note with id 28 was created.","level":"info"}
{"message":"Cannot set headers after they are sent to the client","level":"error"}
{"message":"folder_id is not defined","level":"error"}
{"message":"Note with id 26 not found.","level":"error"}
{"message":"Note with id 26 not found.","level":"error"}
{"message":"Note with id 26 not found.","level":"error"}
{"message":"Undefined binding(s) detected when compiling DEL. Undefined column(s): [id] query: delete from \"notes\" where \"id\" = ?","level":"error"}
{"message":"Note with id 27 deleted.","level":"info"}
{"message":"Note with id 27 not found.","level":"error"}
{"message":"Note with id 28 updated.","level":"info"}
{"message":"Invalid name 'testing post method' supplied","level":"error"}
{"message":"insert into \"folders\" (\"name\") values ($1) returning * - duplicate key value violates unique constraint \"folders_pkey\"","level":"error"}
{"message":"insert into \"folders\" (\"name\") values ($1) returning * - duplicate key value violates unique constraint \"folders_pkey\"","level":"error"}
{"message":"insert into \"folders\" (\"name\") values ($1) returning * - duplicate key value violates unique constraint \"folders_pkey\"","level":"error"}
{"message":"Folder with 4 was created.","level":"info"}
{"message":"Cannot set headers after they are sent to the client","level":"error"}
{"message":"Folder with 5 was created.","level":"info"}
{"message":"Cannot set headers after they are sent to the client","level":"error"}
{"message":"Folder with 6 was created.","level":"info"}
{"message":"Cannot set headers after they are sent to the client","level":"error"}
{"message":"Folder with 7 was created.","level":"info"}
{"message":"Cannot set headers after they are sent to the client","level":"error"}
{"message":"Folder with 8 was created.","level":"info"}
{"message":"Cannot set headers after they are sent to the client","level":"error"}
{"message":"Folder with 9 was created.","level":"info"}
{"message":"Note with id 28 deleted.","level":"info"}
{"message":"Note with id 28 not found.","level":"error"}
